<?xml version="1.0" encoding="UTF-8"?>
<!-- Generated by org.testng.reporters.JUnitXMLReporter -->
<testsuite ignored="0" hostname="DESKTOP-IOIIPVP" failures="0" tests="3" name="Default test" time="6.549" errors="0" timestamp="2021-11-12T17:44:39 EET">
  <testcase classname="tests.TestLogin" name="UserCanReg" time="2.831"/>
  <testcase classname="tests.TestLogin" name="UserCanLogout" time="1.344"/>
  <testcase classname="tests.TestLogin" name="UserCanLogin" time="2.336"/>
</testsuite> <!-- Default test -->
