<?xml version="1.0" encoding="UTF-8"?>
<!-- Generated by org.testng.reporters.JUnitXMLReporter -->
<testsuite ignored="4" hostname="DESKTOP-IOIIPVP" failures="0" tests="3" name="Test" time="32.215" errors="0" timestamp="2021-12-03T11:17:49 EET">
  <testcase classname="tests.SearchTest" name="UserCanSearch" time="1.51"/>
  <testcase classname="tests.selectCatTest" name="USerCanSelectCat" time="6.062"/>
  <testcase classname="tests.UploadimageTest" name="f" time="24.608"/>
  <testcase classname="tests.TestBase" name="@BeforeSuite startDriver" time="0.0">
    <ignored/>
  </testcase> <!-- @BeforeSuite startDriver -->
  <testcase classname="tests.TestBase" name="@BeforeSuite startDriver" time="0.0">
    <ignored/>
  </testcase> <!-- @BeforeSuite startDriver -->
  <testcase classname="tests.TestBase" name="@AfterSuite quitBrowser" time="0.0">
    <ignored/>
  </testcase> <!-- @AfterSuite quitBrowser -->
  <testcase classname="tests.TestBase" name="@AfterSuite quitBrowser" time="0.0">
    <ignored/>
  </testcase> <!-- @AfterSuite quitBrowser -->
</testsuite> <!-- Test -->
