<?xml version="1.0" encoding="UTF-8"?>
<testng-results ignored="4" total="7" passed="3" failed="0" skipped="0">
  <reporter-output>
  </reporter-output>
  <suite started-at="2021-12-03T11:28:28 EET" name="open cart regression suite" finished-at="2021-12-03T11:28:52 EET" duration-ms="23682">
    <groups>
    </groups>
    <test started-at="2021-12-03T11:28:28 EET" name="Test" finished-at="2021-12-03T11:28:52 EET" duration-ms="23682">
      <class name="tests.selectCatTest">
        <test-method signature="USerCanSelectCat()[pri:0, instance:tests.selectCatTest@3122a8af]" started-at="2021-12-03T11:28:31 EET" name="USerCanSelectCat" finished-at="2021-12-03T11:28:36 EET" duration-ms="5308" status="PASS">
          <reporter-output>
          </reporter-output>
        </test-method> <!-- USerCanSelectCat -->
      </class> <!-- tests.selectCatTest -->
      <class name="tests.UploadimageTest">
        <test-method signature="f()[pri:0, instance:tests.UploadimageTest@f3e3cb1]" started-at="2021-12-03T11:28:36 EET" name="f" finished-at="2021-12-03T11:28:52 EET" duration-ms="15547" status="PASS">
          <reporter-output>
          </reporter-output>
        </test-method> <!-- f -->
      </class> <!-- tests.UploadimageTest -->
      <class name="tests.SearchTest">
        <test-method is-config="true" signature="startDriver()[pri:0, instance:tests.SearchTest@4ed74d03]" started-at="2021-12-03T11:28:18 EET" name="startDriver" finished-at="2021-12-03T11:28:28 EET" duration-ms="10497" status="PASS">
          <reporter-output>
          </reporter-output>
        </test-method> <!-- startDriver -->
        <test-method signature="UserCanSearch()[pri:0, instance:tests.SearchTest@4ed74d03]" started-at="2021-12-03T11:28:28 EET" name="UserCanSearch" finished-at="2021-12-03T11:28:31 EET" duration-ms="2786" status="PASS">
          <reporter-output>
          </reporter-output>
        </test-method> <!-- UserCanSearch -->
        <test-method is-config="true" signature="quitBrowser()[pri:0, instance:tests.SearchTest@4ed74d03]" started-at="2021-12-03T11:28:52 EET" name="quitBrowser" finished-at="2021-12-03T11:28:52 EET" duration-ms="1" status="PASS">
          <reporter-output>
          </reporter-output>
        </test-method> <!-- quitBrowser -->
      </class> <!-- tests.SearchTest -->
    </test> <!-- Test -->
  </suite> <!-- open cart regression suite -->
</testng-results>
