<?xml version="1.0" encoding="UTF-8"?>
<testng-results ignored="0" total="1" passed="1" failed="0" skipped="0">
  <reporter-output>
  </reporter-output>
  <suite started-at="2021-11-06T14:11:00 EET" name="Default suite" finished-at="2021-11-06T14:11:04 EET" duration-ms="3174">
    <groups>
    </groups>
    <test started-at="2021-11-06T14:11:00 EET" name="Default test" finished-at="2021-11-06T14:11:04 EET" duration-ms="3174">
      <class name="tests.TestRegistration">
        <test-method is-config="true" signature="startDriver()[pri:0, instance:tests.TestRegistration@4ebd0b52]" started-at="2021-11-06T14:10:57 EET" name="startDriver" finished-at="2021-11-06T14:11:00 EET" duration-ms="3928" status="PASS">
          <reporter-output>
          </reporter-output>
        </test-method> <!-- startDriver -->
        <test-method signature="UserCanReg()[pri:1, instance:tests.TestRegistration@4ebd0b52]" started-at="2021-11-06T14:11:00 EET" name="UserCanReg" finished-at="2021-11-06T14:11:04 EET" duration-ms="3144" status="PASS">
          <reporter-output>
          </reporter-output>
        </test-method> <!-- UserCanReg -->
      </class> <!-- tests.TestRegistration -->
    </test> <!-- Default test -->
  </suite> <!-- Default suite -->
</testng-results>
