<?xml version="1.0" encoding="UTF-8"?>
<!-- Generated by org.testng.reporters.JUnitXMLReporter -->
<testsuite ignored="4" hostname="DESKTOP-IOIIPVP" failures="0" tests="3" name="Test" time="23.682" errors="0" timestamp="2021-12-03T11:28:52 EET">
  <testcase classname="tests.SearchTest" name="UserCanSearch" time="2.786"/>
  <testcase classname="tests.selectCatTest" name="USerCanSelectCat" time="5.308"/>
  <testcase classname="tests.UploadimageTest" name="f" time="15.547"/>
  <testcase classname="tests.TestBase" name="@BeforeSuite startDriver" time="0.0">
    <ignored/>
  </testcase> <!-- @BeforeSuite startDriver -->
  <testcase classname="tests.TestBase" name="@BeforeSuite startDriver" time="0.0">
    <ignored/>
  </testcase> <!-- @BeforeSuite startDriver -->
  <testcase classname="tests.TestBase" name="@AfterSuite quitBrowser" time="0.0">
    <ignored/>
  </testcase> <!-- @AfterSuite quitBrowser -->
  <testcase classname="tests.TestBase" name="@AfterSuite quitBrowser" time="0.0">
    <ignored/>
  </testcase> <!-- @AfterSuite quitBrowser -->
</testsuite> <!-- Test -->
